	Babylon.js Exporter version: 1.8.0, Blender version: 2.74 (sub 0)
========= Conversion from Blender to Babylon.js =========
	Python World class constructor completed
	processing begun of material:  newZombie.Material
	processing begun of material:  newZombie.zombie
	Diffuse texture found
Error encountered processing image file:  /Users/rodrigo/Downloads/zombiesModels/new_thin_zom/make_zom_new.png, Error:  [Errno 2] No such file or directory: '/Users/rodrigo/Downloads/zombiesModels/new_thin_zom/make_zom_new.png'
	WARNING: The following camera not visible in scene thus ignored: Camera
	processing begun of skeleton:  Armature, id:  0
	processing begun of bone:  lk_foot.R, index:  0
	animation begun of bone:  lk_foot.R
	processing begun of bone:  foot.R, index:  1
	animation begun of bone:  foot.R
	processing begun of bone:  toe.R, index:  2
	animation begun of bone:  toe.R
	processing begun of bone:  heel.R, index:  3
	animation begun of bone:  heel.R
	processing begun of bone:  lk_foot.L, index:  4
	animation begun of bone:  lk_foot.L
	processing begun of bone:  foot.L, index:  5
	animation begun of bone:  foot.L
	processing begun of bone:  toe.L, index:  6
	animation begun of bone:  toe.L
	processing begun of bone:  heel.L, index:  7
	animation begun of bone:  heel.L
	processing begun of bone:  hips, index:  8
	animation begun of bone:  hips
	processing begun of bone:  spine, index:  9
	animation begun of bone:  spine
	processing begun of bone:  ribs, index:  10
	animation begun of bone:  ribs
	processing begun of bone:  neck, index:  11
	animation begun of bone:  neck
	processing begun of bone:  head, index:  12
	animation begun of bone:  head
	processing begun of bone:  shoulder.L, index:  13
	animation begun of bone:  shoulder.L
	processing begun of bone:  upper_arm.L, index:  14
	animation begun of bone:  upper_arm.L
	processing begun of bone:  forearm.L, index:  15
	animation begun of bone:  forearm.L
	processing begun of bone:  hand.L, index:  16
	animation begun of bone:  hand.L
	processing begun of bone:  palm.01.L, index:  17
	animation begun of bone:  palm.01.L
	processing begun of bone:  finger_index.01.L, index:  18
	animation begun of bone:  finger_index.01.L
	processing begun of bone:  thumb.01.L, index:  19
	animation begun of bone:  thumb.01.L
	processing begun of bone:  thumb.02.L, index:  20
	animation begun of bone:  thumb.02.L
	processing begun of bone:  palm.02.L, index:  21
	animation begun of bone:  palm.02.L
	processing begun of bone:  finger_middle.01.L, index:  22
	animation begun of bone:  finger_middle.01.L
	processing begun of bone:  palm.03.L, index:  23
	animation begun of bone:  palm.03.L
	processing begun of bone:  finger_ring.01.L, index:  24
	animation begun of bone:  finger_ring.01.L
	processing begun of bone:  shoulder.R, index:  25
	animation begun of bone:  shoulder.R
	processing begun of bone:  upper_arm.R, index:  26
	animation begun of bone:  upper_arm.R
	processing begun of bone:  forearm.R, index:  27
	animation begun of bone:  forearm.R
	processing begun of bone:  hand.R, index:  28
	animation begun of bone:  hand.R
	processing begun of bone:  palm.01.R, index:  29
	animation begun of bone:  palm.01.R
	processing begun of bone:  finger_index.01.R, index:  30
	animation begun of bone:  finger_index.01.R
	processing begun of bone:  thumb.01.R, index:  31
	animation begun of bone:  thumb.01.R
	processing begun of bone:  thumb.02.R, index:  32
	animation begun of bone:  thumb.02.R
	processing begun of bone:  palm.02.R, index:  33
	animation begun of bone:  palm.02.R
	processing begun of bone:  finger_middle.01.R, index:  34
	animation begun of bone:  finger_middle.01.R
	processing begun of bone:  palm.03.R, index:  35
	animation begun of bone:  palm.03.R
	processing begun of bone:  finger_ring.01.R, index:  36
	animation begun of bone:  finger_ring.01.R
	processing begun of bone:  thigh.L, index:  37
	animation begun of bone:  thigh.L
	processing begun of bone:  shin.L, index:  38
	animation begun of bone:  shin.L
	processing begun of bone:  thigh.R, index:  39
	animation begun of bone:  thigh.R
	processing begun of bone:  shin.R, index:  40
	animation begun of bone:  shin.R
	processing complete of skeleton:  Armature
	processing begun of mesh:  new_thin_zombie
		processing begun of multimaterial:  newZombie.Multimaterial#0
		WARNING: Maximum # of influencers exceeded for a vertex, extras ignored
		WARNING: Maximum # of influencers exceeded for a vertex, extras ignored
		WARNING: Maximum # of influencers exceeded for a vertex, extras ignored
		WARNING: Maximum # of influencers exceeded for a vertex, extras ignored
		WARNING: Maximum # of influencers exceeded for a vertex, extras ignored
		WARNING: Maximum # of influencers exceeded for a vertex, extras ignored
		WARNING: Maximum # of influencers exceeded for a vertex, extras ignored
		WARNING: Maximum # of influencers exceeded for a vertex, extras ignored
		WARNING: Maximum # of influencers exceeded for a vertex, extras ignored
		WARNING: Maximum # of influencers exceeded for a vertex, extras ignored
		WARNING: Maximum # of influencers exceeded for a vertex, extras ignored
		WARNING: Maximum # of influencers exceeded for a vertex, extras ignored
		WARNING: Maximum # of influencers exceeded for a vertex, extras ignored
		WARNING: Maximum # of influencers exceeded for a vertex, extras ignored
		WARNING: Maximum # of influencers exceeded for a vertex, extras ignored
		WARNING: Maximum # of influencers exceeded for a vertex, extras ignored
		WARNING: Maximum # of influencers exceeded for a vertex, extras ignored
		WARNING: Maximum # of influencers exceeded for a vertex, extras ignored
		WARNING: Maximum # of influencers exceeded for a vertex, extras ignored
		WARNING: Maximum # of influencers exceeded for a vertex, extras ignored
		WARNING: Maximum # of influencers exceeded for a vertex, extras ignored
		WARNING: Maximum # of influencers exceeded for a vertex, extras ignored
		WARNING: Maximum # of influencers exceeded for a vertex, extras ignored
		WARNING: Maximum # of influencers exceeded for a vertex, extras ignored
		WARNING: Maximum # of influencers exceeded for a vertex, extras ignored
		WARNING: Maximum # of influencers exceeded for a vertex, extras ignored
		WARNING: Maximum # of influencers exceeded for a vertex, extras ignored
		WARNING: Maximum # of influencers exceeded for a vertex, extras ignored
		WARNING: Maximum # of influencers exceeded for a vertex, extras ignored
		WARNING: Maximum # of influencers exceeded for a vertex, extras ignored
		WARNING: Maximum # of influencers exceeded for a vertex, extras ignored
		WARNING: Maximum # of influencers exceeded for a vertex, extras ignored
		WARNING: Maximum # of influencers exceeded for a vertex, extras ignored
		WARNING: Maximum # of influencers exceeded for a vertex, extras ignored
		WARNING: Maximum # of influencers exceeded for a vertex, extras ignored
		WARNING: Maximum # of influencers exceeded for a vertex, extras ignored
		WARNING: Maximum # of influencers exceeded for a vertex, extras ignored
		WARNING: Maximum # of influencers exceeded for a vertex, extras ignored
		WARNING: Maximum # of influencers exceeded for a vertex, extras ignored
		WARNING: Maximum # of influencers exceeded for a vertex, extras ignored
		WARNING: Maximum # of influencers exceeded for a vertex, extras ignored
		WARNING: Maximum # of influencers exceeded for a vertex, extras ignored
		WARNING: Maximum # of influencers exceeded for a vertex, extras ignored
		WARNING: Maximum # of influencers exceeded for a vertex, extras ignored
		WARNING: Maximum # of influencers exceeded for a vertex, extras ignored
		WARNING: Maximum # of influencers exceeded for a vertex, extras ignored
		WARNING: Maximum # of influencers exceeded for a vertex, extras ignored
		WARNING: Maximum # of influencers exceeded for a vertex, extras ignored
		WARNING: Maximum # of influencers exceeded for a vertex, extras ignored
		WARNING: Maximum # of influencers exceeded for a vertex, extras ignored
		WARNING: Maximum # of influencers exceeded for a vertex, extras ignored
		WARNING: Maximum # of influencers exceeded for a vertex, extras ignored
		WARNING: Maximum # of influencers exceeded for a vertex, extras ignored
		WARNING: Maximum # of influencers exceeded for a vertex, extras ignored
		WARNING: Maximum # of influencers exceeded for a vertex, extras ignored
		WARNING: Maximum # of influencers exceeded for a vertex, extras ignored
		WARNING: Maximum # of influencers exceeded for a vertex, extras ignored
		WARNING: Maximum # of influencers exceeded for a vertex, extras ignored
		WARNING: Maximum # of influencers exceeded for a vertex, extras ignored
		WARNING: Maximum # of influencers exceeded for a vertex, extras ignored
		WARNING: Maximum # of influencers exceeded for a vertex, extras ignored
		WARNING: Maximum # of influencers exceeded for a vertex, extras ignored
		WARNING: Maximum # of influencers exceeded for a vertex, extras ignored
		WARNING: Maximum # of influencers exceeded for a vertex, extras ignored
		WARNING: Maximum # of influencers exceeded for a vertex, extras ignored
		WARNING: Maximum # of influencers exceeded for a vertex, extras ignored
		WARNING: Maximum # of influencers exceeded for a vertex, extras ignored
		WARNING: Maximum # of influencers exceeded for a vertex, extras ignored
		WARNING: Maximum # of influencers exceeded for a vertex, extras ignored
		WARNING: Maximum # of influencers exceeded for a vertex, extras ignored
		WARNING: Maximum # of influencers exceeded for a vertex, extras ignored
		WARNING: Maximum # of influencers exceeded for a vertex, extras ignored
		WARNING: Maximum # of influencers exceeded for a vertex, extras ignored
		WARNING: Maximum # of influencers exceeded for a vertex, extras ignored
		WARNING: Maximum # of influencers exceeded for a vertex, extras ignored
		WARNING: Maximum # of influencers exceeded for a vertex, extras ignored
		WARNING: Maximum # of influencers exceeded for a vertex, extras ignored
		WARNING: Maximum # of influencers exceeded for a vertex, extras ignored
		WARNING: Maximum # of influencers exceeded for a vertex, extras ignored
		WARNING: Maximum # of influencers exceeded for a vertex, extras ignored
		WARNING: Maximum # of influencers exceeded for a vertex, extras ignored
		WARNING: Maximum # of influencers exceeded for a vertex, extras ignored
		WARNING: Maximum # of influencers exceeded for a vertex, extras ignored
		WARNING: Maximum # of influencers exceeded for a vertex, extras ignored
		WARNING: Maximum # of influencers exceeded for a vertex, extras ignored
		WARNING: Maximum # of influencers exceeded for a vertex, extras ignored
		WARNING: Maximum # of influencers exceeded for a vertex, extras ignored
		WARNING: Maximum # of influencers exceeded for a vertex, extras ignored
		WARNING: Maximum # of influencers exceeded for a vertex, extras ignored
		WARNING: Maximum # of influencers exceeded for a vertex, extras ignored
		WARNING: Maximum # of influencers exceeded for a vertex, extras ignored
		WARNING: Maximum # of influencers exceeded for a vertex, extras ignored
		WARNING: Maximum # of influencers exceeded for a vertex, extras ignored
		WARNING: Maximum # of influencers exceeded for a vertex, extras ignored
		WARNING: Maximum # of influencers exceeded for a vertex, extras ignored
		WARNING: Maximum # of influencers exceeded for a vertex, extras ignored
		WARNING: Maximum # of influencers exceeded for a vertex, extras ignored
		WARNING: Maximum # of influencers exceeded for a vertex, extras ignored
		WARNING: Maximum # of influencers exceeded for a vertex, extras ignored
		WARNING: Maximum # of influencers exceeded for a vertex, extras ignored
		WARNING: Maximum # of influencers exceeded for a vertex, extras ignored
		WARNING: Maximum # of influencers exceeded for a vertex, extras ignored
		WARNING: Maximum # of influencers exceeded for a vertex, extras ignored
		WARNING: Maximum # of influencers exceeded for a vertex, extras ignored
		WARNING: Maximum # of influencers exceeded for a vertex, extras ignored
		WARNING: Maximum # of influencers exceeded for a vertex, extras ignored
		WARNING: Maximum # of influencers exceeded for a vertex, extras ignored
		WARNING: Maximum # of influencers exceeded for a vertex, extras ignored
		WARNING: Maximum # of influencers exceeded for a vertex, extras ignored
		WARNING: Maximum # of influencers exceeded for a vertex, extras ignored
		WARNING: Maximum # of influencers exceeded for a vertex, extras ignored
		WARNING: Maximum # of influencers exceeded for a vertex, extras ignored
		WARNING: Maximum # of influencers exceeded for a vertex, extras ignored
		WARNING: Maximum # of influencers exceeded for a vertex, extras ignored
		WARNING: Maximum # of influencers exceeded for a vertex, extras ignored
		WARNING: Maximum # of influencers exceeded for a vertex, extras ignored
		WARNING: Maximum # of influencers exceeded for a vertex, extras ignored
		WARNING: Maximum # of influencers exceeded for a vertex, extras ignored
		WARNING: Maximum # of influencers exceeded for a vertex, extras ignored
		WARNING: Maximum # of influencers exceeded for a vertex, extras ignored
		WARNING: Maximum # of influencers exceeded for a vertex, extras ignored
		WARNING: Maximum # of influencers exceeded for a vertex, extras ignored
		WARNING: Maximum # of influencers exceeded for a vertex, extras ignored
		WARNING: Maximum # of influencers exceeded for a vertex, extras ignored
		WARNING: Maximum # of influencers exceeded for a vertex, extras ignored
		WARNING: Maximum # of influencers exceeded for a vertex, extras ignored
		WARNING: Maximum # of influencers exceeded for a vertex, extras ignored
		WARNING: Maximum # of influencers exceeded for a vertex, extras ignored
		WARNING: Maximum # of influencers exceeded for a vertex, extras ignored
		WARNING: Maximum # of influencers exceeded for a vertex, extras ignored
		WARNING: Maximum # of influencers exceeded for a vertex, extras ignored
		WARNING: Maximum # of influencers exceeded for a vertex, extras ignored
		WARNING: Maximum # of influencers exceeded for a vertex, extras ignored
		WARNING: Maximum # of influencers exceeded for a vertex, extras ignored
		WARNING: Maximum # of influencers exceeded for a vertex, extras ignored
		WARNING: Maximum # of influencers exceeded for a vertex, extras ignored
		WARNING: Maximum # of influencers exceeded for a vertex, extras ignored
		WARNING: Maximum # of influencers exceeded for a vertex, extras ignored
		WARNING: Maximum # of influencers exceeded for a vertex, extras ignored
		WARNING: Maximum # of influencers exceeded for a vertex, extras ignored
		WARNING: Maximum # of influencers exceeded for a vertex, extras ignored
		WARNING: Maximum # of influencers exceeded for a vertex, extras ignored
		WARNING: Maximum # of influencers exceeded for a vertex, extras ignored
		WARNING: Maximum # of influencers exceeded for a vertex, extras ignored
		WARNING: Maximum # of influencers exceeded for a vertex, extras ignored
		WARNING: Maximum # of influencers exceeded for a vertex, extras ignored
		WARNING: Maximum # of influencers exceeded for a vertex, extras ignored
		WARNING: Maximum # of influencers exceeded for a vertex, extras ignored
		WARNING: Maximum # of influencers exceeded for a vertex, extras ignored
		WARNING: Maximum # of influencers exceeded for a vertex, extras ignored
		WARNING: Maximum # of influencers exceeded for a vertex, extras ignored
		WARNING: Maximum # of influencers exceeded for a vertex, extras ignored
		WARNING: Maximum # of influencers exceeded for a vertex, extras ignored
		WARNING: Maximum # of influencers exceeded for a vertex, extras ignored
		WARNING: Maximum # of influencers exceeded for a vertex, extras ignored
		WARNING: Maximum # of influencers exceeded for a vertex, extras ignored
		WARNING: Maximum # of influencers exceeded for a vertex, extras ignored
		WARNING: Maximum # of influencers exceeded for a vertex, extras ignored
		WARNING: Maximum # of influencers exceeded for a vertex, extras ignored
		WARNING: Maximum # of influencers exceeded for a vertex, extras ignored
		WARNING: Maximum # of influencers exceeded for a vertex, extras ignored
		WARNING: Maximum # of influencers exceeded for a vertex, extras ignored
		WARNING: Maximum # of influencers exceeded for a vertex, extras ignored
		WARNING: Maximum # of influencers exceeded for a vertex, extras ignored
		WARNING: Maximum # of influencers exceeded for a vertex, extras ignored
		WARNING: Maximum # of influencers exceeded for a vertex, extras ignored
		WARNING: Maximum # of influencers exceeded for a vertex, extras ignored
		WARNING: Maximum # of influencers exceeded for a vertex, extras ignored
		WARNING: Maximum # of influencers exceeded for a vertex, extras ignored
		WARNING: Maximum # of influencers exceeded for a vertex, extras ignored
		WARNING: Maximum # of influencers exceeded for a vertex, extras ignored
		WARNING: Maximum # of influencers exceeded for a vertex, extras ignored
		WARNING: Maximum # of influencers exceeded for a vertex, extras ignored
		WARNING: Maximum # of influencers exceeded for a vertex, extras ignored
		WARNING: Maximum # of influencers exceeded for a vertex, extras ignored
		WARNING: Maximum # of influencers exceeded for a vertex, extras ignored
		WARNING: Maximum # of influencers exceeded for a vertex, extras ignored
		WARNING: Maximum # of influencers exceeded for a vertex, extras ignored
		WARNING: Maximum # of influencers exceeded for a vertex, extras ignored
		WARNING: Maximum # of influencers exceeded for a vertex, extras ignored
		WARNING: Maximum # of influencers exceeded for a vertex, extras ignored
		WARNING: Maximum # of influencers exceeded for a vertex, extras ignored
		WARNING: Maximum # of influencers exceeded for a vertex, extras ignored
		WARNING: Maximum # of influencers exceeded for a vertex, extras ignored
		WARNING: Maximum # of influencers exceeded for a vertex, extras ignored
		WARNING: Maximum # of influencers exceeded for a vertex, extras ignored
		WARNING: Maximum # of influencers exceeded for a vertex, extras ignored
		WARNING: Maximum # of influencers exceeded for a vertex, extras ignored
		WARNING: Maximum # of influencers exceeded for a vertex, extras ignored
		WARNING: Maximum # of influencers exceeded for a vertex, extras ignored
		WARNING: Maximum # of influencers exceeded for a vertex, extras ignored
		WARNING: Maximum # of influencers exceeded for a vertex, extras ignored
		WARNING: Maximum # of influencers exceeded for a vertex, extras ignored
		WARNING: Maximum # of influencers exceeded for a vertex, extras ignored
		WARNING: Maximum # of influencers exceeded for a vertex, extras ignored
		WARNING: Maximum # of influencers exceeded for a vertex, extras ignored
		WARNING: Maximum # of influencers exceeded for a vertex, extras ignored
		WARNING: Maximum # of influencers exceeded for a vertex, extras ignored
		WARNING: Maximum # of influencers exceeded for a vertex, extras ignored
		WARNING: Maximum # of influencers exceeded for a vertex, extras ignored
		WARNING: Maximum # of influencers exceeded for a vertex, extras ignored
		WARNING: Maximum # of influencers exceeded for a vertex, extras ignored
		WARNING: Maximum # of influencers exceeded for a vertex, extras ignored
		WARNING: Maximum # of influencers exceeded for a vertex, extras ignored
		WARNING: Maximum # of influencers exceeded for a vertex, extras ignored
		WARNING: Maximum # of influencers exceeded for a vertex, extras ignored
		WARNING: Maximum # of influencers exceeded for a vertex, extras ignored
		WARNING: Maximum # of influencers exceeded for a vertex, extras ignored
		WARNING: Maximum # of influencers exceeded for a vertex, extras ignored
		WARNING: Maximum # of influencers exceeded for a vertex, extras ignored
		WARNING: Maximum # of influencers exceeded for a vertex, extras ignored
		WARNING: Maximum # of influencers exceeded for a vertex, extras ignored
		WARNING: Maximum # of influencers exceeded for a vertex, extras ignored
		WARNING: Maximum # of influencers exceeded for a vertex, extras ignored
		WARNING: Maximum # of influencers exceeded for a vertex, extras ignored
		WARNING: Maximum # of influencers exceeded for a vertex, extras ignored
		WARNING: Maximum # of influencers exceeded for a vertex, extras ignored
		WARNING: Maximum # of influencers exceeded for a vertex, extras ignored
		WARNING: Maximum # of influencers exceeded for a vertex, extras ignored
		WARNING: Maximum # of influencers exceeded for a vertex, extras ignored
		WARNING: Maximum # of influencers exceeded for a vertex, extras ignored
		WARNING: Maximum # of influencers exceeded for a vertex, extras ignored
		WARNING: Maximum # of influencers exceeded for a vertex, extras ignored
		WARNING: Maximum # of influencers exceeded for a vertex, extras ignored
		WARNING: Maximum # of influencers exceeded for a vertex, extras ignored
		WARNING: Maximum # of influencers exceeded for a vertex, extras ignored
		WARNING: Maximum # of influencers exceeded for a vertex, extras ignored
		WARNING: Maximum # of influencers exceeded for a vertex, extras ignored
		WARNING: Maximum # of influencers exceeded for a vertex, extras ignored
		WARNING: Maximum # of influencers exceeded for a vertex, extras ignored
		WARNING: Maximum # of influencers exceeded for a vertex, extras ignored
		WARNING: Maximum # of influencers exceeded for a vertex, extras ignored
		WARNING: Maximum # of influencers exceeded for a vertex, extras ignored
		WARNING: Maximum # of influencers exceeded for a vertex, extras ignored
		WARNING: Maximum # of influencers exceeded for a vertex, extras ignored
		WARNING: Maximum # of influencers exceeded for a vertex, extras ignored
		WARNING: Maximum # of influencers exceeded for a vertex, extras ignored
		WARNING: Maximum # of influencers exceeded for a vertex, extras ignored
		WARNING: Maximum # of influencers exceeded for a vertex, extras ignored
		WARNING: Maximum # of influencers exceeded for a vertex, extras ignored
		WARNING: Maximum # of influencers exceeded for a vertex, extras ignored
		WARNING: Maximum # of influencers exceeded for a vertex, extras ignored
		WARNING: Maximum # of influencers exceeded for a vertex, extras ignored
		WARNING: Maximum # of influencers exceeded for a vertex, extras ignored
		WARNING: Maximum # of influencers exceeded for a vertex, extras ignored
		WARNING: Maximum # of influencers exceeded for a vertex, extras ignored
		WARNING: Maximum # of influencers exceeded for a vertex, extras ignored
		WARNING: Maximum # of influencers exceeded for a vertex, extras ignored
		WARNING: Maximum # of influencers exceeded for a vertex, extras ignored
		WARNING: Maximum # of influencers exceeded for a vertex, extras ignored
		WARNING: Maximum # of influencers exceeded for a vertex, extras ignored
		WARNING: Maximum # of influencers exceeded for a vertex, extras ignored
		WARNING: Maximum # of influencers exceeded for a vertex, extras ignored
		WARNING: Maximum # of influencers exceeded for a vertex, extras ignored
		WARNING: Maximum # of influencers exceeded for a vertex, extras ignored
		WARNING: Maximum # of influencers exceeded for a vertex, extras ignored
		WARNING: Maximum # of influencers exceeded for a vertex, extras ignored
		WARNING: Maximum # of influencers exceeded for a vertex, extras ignored
		WARNING: Maximum # of influencers exceeded for a vertex, extras ignored
		WARNING: Maximum # of influencers exceeded for a vertex, extras ignored
		WARNING: Maximum # of influencers exceeded for a vertex, extras ignored
		WARNING: Maximum # of influencers exceeded for a vertex, extras ignored
		WARNING: Maximum # of influencers exceeded for a vertex, extras ignored
		WARNING: Maximum # of influencers exceeded for a vertex, extras ignored
		WARNING: Maximum # of influencers exceeded for a vertex, extras ignored
		WARNING: Maximum # of influencers exceeded for a vertex, extras ignored
		WARNING: Maximum # of influencers exceeded for a vertex, extras ignored
		WARNING: Maximum # of influencers exceeded for a vertex, extras ignored
		WARNING: Maximum # of influencers exceeded for a vertex, extras ignored
		WARNING: Maximum # of influencers exceeded for a vertex, extras ignored
		WARNING: Maximum # of influencers exceeded for a vertex, extras ignored
		WARNING: Maximum # of influencers exceeded for a vertex, extras ignored
		WARNING: Maximum # of influencers exceeded for a vertex, extras ignored
		WARNING: Maximum # of influencers exceeded for a vertex, extras ignored
		WARNING: Maximum # of influencers exceeded for a vertex, extras ignored
		WARNING: Maximum # of influencers exceeded for a vertex, extras ignored
		WARNING: Maximum # of influencers exceeded for a vertex, extras ignored
		WARNING: Maximum # of influencers exceeded for a vertex, extras ignored
		WARNING: Maximum # of influencers exceeded for a vertex, extras ignored
		WARNING: Maximum # of influencers exceeded for a vertex, extras ignored
		WARNING: Maximum # of influencers exceeded for a vertex, extras ignored
		WARNING: Maximum # of influencers exceeded for a vertex, extras ignored
		WARNING: Maximum # of influencers exceeded for a vertex, extras ignored
		WARNING: Maximum # of influencers exceeded for a vertex, extras ignored
		WARNING: Maximum # of influencers exceeded for a vertex, extras ignored
		WARNING: Maximum # of influencers exceeded for a vertex, extras ignored
		WARNING: Maximum # of influencers exceeded for a vertex, extras ignored
		WARNING: Maximum # of influencers exceeded for a vertex, extras ignored
		WARNING: Maximum # of influencers exceeded for a vertex, extras ignored
		WARNING: Maximum # of influencers exceeded for a vertex, extras ignored
		WARNING: Maximum # of influencers exceeded for a vertex, extras ignored
		WARNING: Maximum # of influencers exceeded for a vertex, extras ignored
		WARNING: Maximum # of influencers exceeded for a vertex, extras ignored
		WARNING: Maximum # of influencers exceeded for a vertex, extras ignored
		WARNING: Maximum # of influencers exceeded for a vertex, extras ignored
		WARNING: Maximum # of influencers exceeded for a vertex, extras ignored
		WARNING: Maximum # of influencers exceeded for a vertex, extras ignored
		WARNING: Maximum # of influencers exceeded for a vertex, extras ignored
		WARNING: Maximum # of influencers exceeded for a vertex, extras ignored
		WARNING: Maximum # of influencers exceeded for a vertex, extras ignored
		WARNING: Maximum # of influencers exceeded for a vertex, extras ignored
		WARNING: Maximum # of influencers exceeded for a vertex, extras ignored
		WARNING: Maximum # of influencers exceeded for a vertex, extras ignored
		WARNING: Maximum # of influencers exceeded for a vertex, extras ignored
		WARNING: Maximum # of influencers exceeded for a vertex, extras ignored
		WARNING: Maximum # of influencers exceeded for a vertex, extras ignored
		WARNING: Maximum # of influencers exceeded for a vertex, extras ignored
		WARNING: Maximum # of influencers exceeded for a vertex, extras ignored
		WARNING: Maximum # of influencers exceeded for a vertex, extras ignored
		WARNING: Maximum # of influencers exceeded for a vertex, extras ignored
		WARNING: Maximum # of influencers exceeded for a vertex, extras ignored
		WARNING: Maximum # of influencers exceeded for a vertex, extras ignored
		WARNING: Maximum # of influencers exceeded for a vertex, extras ignored
		WARNING: Maximum # of influencers exceeded for a vertex, extras ignored
		WARNING: Maximum # of influencers exceeded for a vertex, extras ignored
		WARNING: Maximum # of influencers exceeded for a vertex, extras ignored
		WARNING: Maximum # of influencers exceeded for a vertex, extras ignored
		WARNING: Maximum # of influencers exceeded for a vertex, extras ignored
		WARNING: Maximum # of influencers exceeded for a vertex, extras ignored
		WARNING: Maximum # of influencers exceeded for a vertex, extras ignored
		WARNING: Maximum # of influencers exceeded for a vertex, extras ignored
		WARNING: Maximum # of influencers exceeded for a vertex, extras ignored
		WARNING: Maximum # of influencers exceeded for a vertex, extras ignored
		WARNING: Maximum # of influencers exceeded for a vertex, extras ignored
		WARNING: Maximum # of influencers exceeded for a vertex, extras ignored
		WARNING: Maximum # of influencers exceeded for a vertex, extras ignored
		WARNING: Maximum # of influencers exceeded for a vertex, extras ignored
		WARNING: Maximum # of influencers exceeded for a vertex, extras ignored
		WARNING: Maximum # of influencers exceeded for a vertex, extras ignored
		WARNING: Maximum # of influencers exceeded for a vertex, extras ignored
		WARNING: Maximum # of influencers exceeded for a vertex, extras ignored
		WARNING: Maximum # of influencers exceeded for a vertex, extras ignored
		WARNING: Maximum # of influencers exceeded for a vertex, extras ignored
		WARNING: Maximum # of influencers exceeded for a vertex, extras ignored
		WARNING: Maximum # of influencers exceeded for a vertex, extras ignored
		WARNING: Maximum # of influencers exceeded for a vertex, extras ignored
		WARNING: Maximum # of influencers exceeded for a vertex, extras ignored
		WARNING: Maximum # of influencers exceeded for a vertex, extras ignored
		WARNING: Maximum # of influencers exceeded for a vertex, extras ignored
		WARNING: Maximum # of influencers exceeded for a vertex, extras ignored
		WARNING: Maximum # of influencers exceeded for a vertex, extras ignored
		WARNING: Maximum # of influencers exceeded for a vertex, extras ignored
		WARNING: Maximum # of influencers exceeded for a vertex, extras ignored
		WARNING: Maximum # of influencers exceeded for a vertex, extras ignored
		WARNING: Maximum # of influencers exceeded for a vertex, extras ignored
		WARNING: Maximum # of influencers exceeded for a vertex, extras ignored
		WARNING: Maximum # of influencers exceeded for a vertex, extras ignored
		WARNING: Maximum # of influencers exceeded for a vertex, extras ignored
		WARNING: Maximum # of influencers exceeded for a vertex, extras ignored
		WARNING: Maximum # of influencers exceeded for a vertex, extras ignored
		WARNING: Maximum # of influencers exceeded for a vertex, extras ignored
		WARNING: Maximum # of influencers exceeded for a vertex, extras ignored
		WARNING: Maximum # of influencers exceeded for a vertex, extras ignored
		WARNING: Maximum # of influencers exceeded for a vertex, extras ignored
		WARNING: Maximum # of influencers exceeded for a vertex, extras ignored
		WARNING: Maximum # of influencers exceeded for a vertex, extras ignored
		WARNING: Maximum # of influencers exceeded for a vertex, extras ignored
		WARNING: Maximum # of influencers exceeded for a vertex, extras ignored
		WARNING: Maximum # of influencers exceeded for a vertex, extras ignored
		WARNING: Maximum # of influencers exceeded for a vertex, extras ignored
		WARNING: Maximum # of influencers exceeded for a vertex, extras ignored
		WARNING: Maximum # of influencers exceeded for a vertex, extras ignored
		WARNING: Maximum # of influencers exceeded for a vertex, extras ignored
		WARNING: Maximum # of influencers exceeded for a vertex, extras ignored
		WARNING: Maximum # of influencers exceeded for a vertex, extras ignored
		WARNING: Maximum # of influencers exceeded for a vertex, extras ignored
		WARNING: Maximum # of influencers exceeded for a vertex, extras ignored
		WARNING: Maximum # of influencers exceeded for a vertex, extras ignored
		WARNING: Maximum # of influencers exceeded for a vertex, extras ignored
		WARNING: Maximum # of influencers exceeded for a vertex, extras ignored
		WARNING: Maximum # of influencers exceeded for a vertex, extras ignored
		WARNING: Maximum # of influencers exceeded for a vertex, extras ignored
		WARNING: Maximum # of influencers exceeded for a vertex, extras ignored
		WARNING: Maximum # of influencers exceeded for a vertex, extras ignored
		WARNING: Maximum # of influencers exceeded for a vertex, extras ignored
		WARNING: Maximum # of influencers exceeded for a vertex, extras ignored
		WARNING: Maximum # of influencers exceeded for a vertex, extras ignored
		WARNING: Maximum # of influencers exceeded for a vertex, extras ignored
		WARNING: Maximum # of influencers exceeded for a vertex, extras ignored
		WARNING: Maximum # of influencers exceeded for a vertex, extras ignored
		WARNING: Maximum # of influencers exceeded for a vertex, extras ignored
		WARNING: Maximum # of influencers exceeded for a vertex, extras ignored
		WARNING: Maximum # of influencers exceeded for a vertex, extras ignored
		WARNING: Maximum # of influencers exceeded for a vertex, extras ignored
		WARNING: Maximum # of influencers exceeded for a vertex, extras ignored
		WARNING: Maximum # of influencers exceeded for a vertex, extras ignored
		WARNING: Maximum # of influencers exceeded for a vertex, extras ignored
		WARNING: Maximum # of influencers exceeded for a vertex, extras ignored
		WARNING: Maximum # of influencers exceeded for a vertex, extras ignored
		WARNING: Maximum # of influencers exceeded for a vertex, extras ignored
		WARNING: Maximum # of influencers exceeded for a vertex, extras ignored
		WARNING: Maximum # of influencers exceeded for a vertex, extras ignored
		WARNING: Maximum # of influencers exceeded for a vertex, extras ignored
		WARNING: Maximum # of influencers exceeded for a vertex, extras ignored
		WARNING: Maximum # of influencers exceeded for a vertex, extras ignored
		WARNING: Maximum # of influencers exceeded for a vertex, extras ignored
		WARNING: Maximum # of influencers exceeded for a vertex, extras ignored
		WARNING: Maximum # of influencers exceeded for a vertex, extras ignored
		WARNING: Maximum # of influencers exceeded for a vertex, extras ignored
		WARNING: Maximum # of influencers exceeded for a vertex, extras ignored
		WARNING: Maximum # of influencers exceeded for a vertex, extras ignored
		WARNING: Maximum # of influencers exceeded for a vertex, extras ignored
		WARNING: Maximum # of influencers exceeded for a vertex, extras ignored
		WARNING: Maximum # of influencers exceeded for a vertex, extras ignored
		WARNING: Maximum # of influencers exceeded for a vertex, extras ignored
		WARNING: Maximum # of influencers exceeded for a vertex, extras ignored
		WARNING: Maximum # of influencers exceeded for a vertex, extras ignored
		WARNING: Maximum # of influencers exceeded for a vertex, extras ignored
		WARNING: Maximum # of influencers exceeded for a vertex, extras ignored
		WARNING: Maximum # of influencers exceeded for a vertex, extras ignored
		WARNING: Maximum # of influencers exceeded for a vertex, extras ignored
		WARNING: Maximum # of influencers exceeded for a vertex, extras ignored
		WARNING: Maximum # of influencers exceeded for a vertex, extras ignored
		WARNING: Maximum # of influencers exceeded for a vertex, extras ignored
		WARNING: Maximum # of influencers exceeded for a vertex, extras ignored
		WARNING: Maximum # of influencers exceeded for a vertex, extras ignored
		WARNING: Maximum # of influencers exceeded for a vertex, extras ignored
		WARNING: Maximum # of influencers exceeded for a vertex, extras ignored
		WARNING: Maximum # of influencers exceeded for a vertex, extras ignored
		WARNING: Maximum # of influencers exceeded for a vertex, extras ignored
		WARNING: Maximum # of influencers exceeded for a vertex, extras ignored
		WARNING: Maximum # of influencers exceeded for a vertex, extras ignored
		WARNING: Maximum # of influencers exceeded for a vertex, extras ignored
		WARNING: Maximum # of influencers exceeded for a vertex, extras ignored
		WARNING: Maximum # of influencers exceeded for a vertex, extras ignored
		WARNING: Maximum # of influencers exceeded for a vertex, extras ignored
		WARNING: Maximum # of influencers exceeded for a vertex, extras ignored
		WARNING: Maximum # of influencers exceeded for a vertex, extras ignored
		WARNING: Maximum # of influencers exceeded for a vertex, extras ignored
		WARNING: Maximum # of influencers exceeded for a vertex, extras ignored
		WARNING: Maximum # of influencers exceeded for a vertex, extras ignored
		WARNING: Maximum # of influencers exceeded for a vertex, extras ignored
		WARNING: Maximum # of influencers exceeded for a vertex, extras ignored
		WARNING: Maximum # of influencers exceeded for a vertex, extras ignored
		WARNING: Maximum # of influencers exceeded for a vertex, extras ignored
		WARNING: Maximum # of influencers exceeded for a vertex, extras ignored
		WARNING: Maximum # of influencers exceeded for a vertex, extras ignored
		WARNING: Maximum # of influencers exceeded for a vertex, extras ignored
		WARNING: Maximum # of influencers exceeded for a vertex, extras ignored
		WARNING: Maximum # of influencers exceeded for a vertex, extras ignored
		WARNING: Maximum # of influencers exceeded for a vertex, extras ignored
		WARNING: Maximum # of influencers exceeded for a vertex, extras ignored
		WARNING: Maximum # of influencers exceeded for a vertex, extras ignored
		WARNING: Maximum # of influencers exceeded for a vertex, extras ignored
		WARNING: Maximum # of influencers exceeded for a vertex, extras ignored
		WARNING: Maximum # of influencers exceeded for a vertex, extras ignored
		WARNING: Maximum # of influencers exceeded for a vertex, extras ignored
		WARNING: Maximum # of influencers exceeded for a vertex, extras ignored
		WARNING: Maximum # of influencers exceeded for a vertex, extras ignored
		WARNING: Maximum # of influencers exceeded for a vertex, extras ignored
		WARNING: Maximum # of influencers exceeded for a vertex, extras ignored
		WARNING: Maximum # of influencers exceeded for a vertex, extras ignored
		WARNING: Maximum # of influencers exceeded for a vertex, extras ignored
		WARNING: Maximum # of influencers exceeded for a vertex, extras ignored
		WARNING: Maximum # of influencers exceeded for a vertex, extras ignored
		WARNING: Maximum # of influencers exceeded for a vertex, extras ignored
		WARNING: Maximum # of influencers exceeded for a vertex, extras ignored
		WARNING: Maximum # of influencers exceeded for a vertex, extras ignored
		WARNING: Maximum # of influencers exceeded for a vertex, extras ignored
		WARNING: Maximum # of influencers exceeded for a vertex, extras ignored
		WARNING: Maximum # of influencers exceeded for a vertex, extras ignored
		WARNING: Maximum # of influencers exceeded for a vertex, extras ignored
		WARNING: Maximum # of influencers exceeded for a vertex, extras ignored
		WARNING: Maximum # of influencers exceeded for a vertex, extras ignored
		WARNING: Maximum # of influencers exceeded for a vertex, extras ignored
		WARNING: Maximum # of influencers exceeded for a vertex, extras ignored
		WARNING: Maximum # of influencers exceeded for a vertex, extras ignored
		WARNING: Maximum # of influencers exceeded for a vertex, extras ignored
		WARNING: Maximum # of influencers exceeded for a vertex, extras ignored
		WARNING: Maximum # of influencers exceeded for a vertex, extras ignored
		WARNING: Maximum # of influencers exceeded for a vertex, extras ignored
		WARNING: Maximum # of influencers exceeded for a vertex, extras ignored
		WARNING: Maximum # of influencers exceeded for a vertex, extras ignored
		WARNING: Maximum # of influencers exceeded for a vertex, extras ignored
		WARNING: Maximum # of influencers exceeded for a vertex, extras ignored
		WARNING: Maximum # of influencers exceeded for a vertex, extras ignored
		WARNING: Maximum # of influencers exceeded for a vertex, extras ignored
		WARNING: Maximum # of influencers exceeded for a vertex, extras ignored
		WARNING: Maximum # of influencers exceeded for a vertex, extras ignored
		WARNING: Maximum # of influencers exceeded for a vertex, extras ignored
		WARNING: Maximum # of influencers exceeded for a vertex, extras ignored
		WARNING: Maximum # of influencers exceeded for a vertex, extras ignored
		WARNING: Maximum # of influencers exceeded for a vertex, extras ignored
		WARNING: Maximum # of influencers exceeded for a vertex, extras ignored
		WARNING: Maximum # of influencers exceeded for a vertex, extras ignored
		WARNING: Maximum # of influencers exceeded for a vertex, extras ignored
		WARNING: Maximum # of influencers exceeded for a vertex, extras ignored
		WARNING: Maximum # of influencers exceeded for a vertex, extras ignored
		WARNING: Maximum # of influencers exceeded for a vertex, extras ignored
		WARNING: Maximum # of influencers exceeded for a vertex, extras ignored
		WARNING: Maximum # of influencers exceeded for a vertex, extras ignored
		WARNING: Maximum # of influencers exceeded for a vertex, extras ignored
		WARNING: Maximum # of influencers exceeded for a vertex, extras ignored
		WARNING: Maximum # of influencers exceeded for a vertex, extras ignored
		WARNING: Maximum # of influencers exceeded for a vertex, extras ignored
		WARNING: Maximum # of influencers exceeded for a vertex, extras ignored
		WARNING: Maximum # of influencers exceeded for a vertex, extras ignored
		WARNING: Maximum # of influencers exceeded for a vertex, extras ignored
		WARNING: Maximum # of influencers exceeded for a vertex, extras ignored
		WARNING: Maximum # of influencers exceeded for a vertex, extras ignored
		WARNING: Maximum # of influencers exceeded for a vertex, extras ignored
		WARNING: Maximum # of influencers exceeded for a vertex, extras ignored
		WARNING: Maximum # of influencers exceeded for a vertex, extras ignored
		WARNING: Maximum # of influencers exceeded for a vertex, extras ignored
		WARNING: Maximum # of influencers exceeded for a vertex, extras ignored
		WARNING: Maximum # of influencers exceeded for a vertex, extras ignored
		WARNING: Maximum # of influencers exceeded for a vertex, extras ignored
		WARNING: Maximum # of influencers exceeded for a vertex, extras ignored
		WARNING: Maximum # of influencers exceeded for a vertex, extras ignored
		WARNING: Maximum # of influencers exceeded for a vertex, extras ignored
		WARNING: Maximum # of influencers exceeded for a vertex, extras ignored
		WARNING: Maximum # of influencers exceeded for a vertex, extras ignored
		WARNING: Maximum # of influencers exceeded for a vertex, extras ignored
		WARNING: Maximum # of influencers exceeded for a vertex, extras ignored
		WARNING: Maximum # of influencers exceeded for a vertex, extras ignored
		WARNING: Maximum # of influencers exceeded for a vertex, extras ignored
		WARNING: Maximum # of influencers exceeded for a vertex, extras ignored
		WARNING: Maximum # of influencers exceeded for a vertex, extras ignored
		WARNING: Maximum # of influencers exceeded for a vertex, extras ignored
		WARNING: Maximum # of influencers exceeded for a vertex, extras ignored
		WARNING: Maximum # of influencers exceeded for a vertex, extras ignored
		WARNING: Maximum # of influencers exceeded for a vertex, extras ignored
		WARNING: Maximum # of influencers exceeded for a vertex, extras ignored
		WARNING: Maximum # of influencers exceeded for a vertex, extras ignored
		WARNING: Maximum # of influencers exceeded for a vertex, extras ignored
		WARNING: Maximum # of influencers exceeded for a vertex, extras ignored
		WARNING: Maximum # of influencers exceeded for a vertex, extras ignored
		WARNING: Maximum # of influencers exceeded for a vertex, extras ignored
		WARNING: Maximum # of influencers exceeded for a vertex, extras ignored
		WARNING: Maximum # of influencers exceeded for a vertex, extras ignored
		WARNING: Maximum # of influencers exceeded for a vertex, extras ignored
		WARNING: Maximum # of influencers exceeded for a vertex, extras ignored
		WARNING: Maximum # of influencers exceeded for a vertex, extras ignored
		WARNING: Maximum # of influencers exceeded for a vertex, extras ignored
		WARNING: Maximum # of influencers exceeded for a vertex, extras ignored
		WARNING: Maximum # of influencers exceeded for a vertex, extras ignored
		WARNING: Maximum # of influencers exceeded for a vertex, extras ignored
		WARNING: Maximum # of influencers exceeded for a vertex, extras ignored
		WARNING: Maximum # of influencers exceeded for a vertex, extras ignored
		WARNING: Maximum # of influencers exceeded for a vertex, extras ignored
		WARNING: Maximum # of influencers exceeded for a vertex, extras ignored
		WARNING: Maximum # of influencers exceeded for a vertex, extras ignored
		WARNING: Maximum # of influencers exceeded for a vertex, extras ignored
		WARNING: Maximum # of influencers exceeded for a vertex, extras ignored
		WARNING: Maximum # of influencers exceeded for a vertex, extras ignored
		WARNING: Maximum # of influencers exceeded for a vertex, extras ignored
		WARNING: Maximum # of influencers exceeded for a vertex, extras ignored
		WARNING: Maximum # of influencers exceeded for a vertex, extras ignored
		WARNING: Maximum # of influencers exceeded for a vertex, extras ignored
		WARNING: Maximum # of influencers exceeded for a vertex, extras ignored
		WARNING: Maximum # of influencers exceeded for a vertex, extras ignored
		WARNING: Maximum # of influencers exceeded for a vertex, extras ignored
		WARNING: Maximum # of influencers exceeded for a vertex, extras ignored
		WARNING: Maximum # of influencers exceeded for a vertex, extras ignored
		WARNING: Maximum # of influencers exceeded for a vertex, extras ignored
		WARNING: Maximum # of influencers exceeded for a vertex, extras ignored
		WARNING: Maximum # of influencers exceeded for a vertex, extras ignored
		WARNING: Maximum # of influencers exceeded for a vertex, extras ignored
		WARNING: Maximum # of influencers exceeded for a vertex, extras ignored
		WARNING: Maximum # of influencers exceeded for a vertex, extras ignored
		WARNING: Maximum # of influencers exceeded for a vertex, extras ignored
		WARNING: Maximum # of influencers exceeded for a vertex, extras ignored
		WARNING: Maximum # of influencers exceeded for a vertex, extras ignored
		WARNING: Maximum # of influencers exceeded for a vertex, extras ignored
		WARNING: Maximum # of influencers exceeded for a vertex, extras ignored
		WARNING: Maximum # of influencers exceeded for a vertex, extras ignored
		WARNING: Maximum # of influencers exceeded for a vertex, extras ignored
		WARNING: Maximum # of influencers exceeded for a vertex, extras ignored
		WARNING: Maximum # of influencers exceeded for a vertex, extras ignored
		WARNING: Maximum # of influencers exceeded for a vertex, extras ignored
		WARNING: Maximum # of influencers exceeded for a vertex, extras ignored
		WARNING: Maximum # of influencers exceeded for a vertex, extras ignored
		WARNING: Maximum # of influencers exceeded for a vertex, extras ignored
		WARNING: Maximum # of influencers exceeded for a vertex, extras ignored
		WARNING: Maximum # of influencers exceeded for a vertex, extras ignored
		WARNING: Maximum # of influencers exceeded for a vertex, extras ignored
		WARNING: Maximum # of influencers exceeded for a vertex, extras ignored
		WARNING: Maximum # of influencers exceeded for a vertex, extras ignored
		WARNING: Maximum # of influencers exceeded for a vertex, extras ignored
		WARNING: Maximum # of influencers exceeded for a vertex, extras ignored
		WARNING: Maximum # of influencers exceeded for a vertex, extras ignored
		WARNING: Maximum # of influencers exceeded for a vertex, extras ignored
		WARNING: Maximum # of influencers exceeded for a vertex, extras ignored
		WARNING: Maximum # of influencers exceeded for a vertex, extras ignored
		WARNING: Maximum # of influencers exceeded for a vertex, extras ignored
		WARNING: Maximum # of influencers exceeded for a vertex, extras ignored
		WARNING: Maximum # of influencers exceeded for a vertex, extras ignored
		WARNING: Maximum # of influencers exceeded for a vertex, extras ignored
		WARNING: Maximum # of influencers exceeded for a vertex, extras ignored
		WARNING: Maximum # of influencers exceeded for a vertex, extras ignored
		WARNING: Maximum # of influencers exceeded for a vertex, extras ignored
		WARNING: Maximum # of influencers exceeded for a vertex, extras ignored
		WARNING: Maximum # of influencers exceeded for a vertex, extras ignored
		WARNING: Maximum # of influencers exceeded for a vertex, extras ignored
		WARNING: Maximum # of influencers exceeded for a vertex, extras ignored
		WARNING: Maximum # of influencers exceeded for a vertex, extras ignored
		WARNING: Maximum # of influencers exceeded for a vertex, extras ignored
		WARNING: Maximum # of influencers exceeded for a vertex, extras ignored
		WARNING: Maximum # of influencers exceeded for a vertex, extras ignored
		WARNING: Maximum # of influencers exceeded for a vertex, extras ignored
		WARNING: Maximum # of influencers exceeded for a vertex, extras ignored
		WARNING: Maximum # of influencers exceeded for a vertex, extras ignored
		WARNING: Maximum # of influencers exceeded for a vertex, extras ignored
		WARNING: Maximum # of influencers exceeded for a vertex, extras ignored
		WARNING: Maximum # of influencers exceeded for a vertex, extras ignored
		WARNING: Maximum # of influencers exceeded for a vertex, extras ignored
		WARNING: Maximum # of influencers exceeded for a vertex, extras ignored
		WARNING: Maximum # of influencers exceeded for a vertex, extras ignored
		WARNING: Maximum # of influencers exceeded for a vertex, extras ignored
		WARNING: Maximum # of influencers exceeded for a vertex, extras ignored
		WARNING: Maximum # of influencers exceeded for a vertex, extras ignored
		WARNING: Maximum # of influencers exceeded for a vertex, extras ignored
		WARNING: Maximum # of influencers exceeded for a vertex, extras ignored
		WARNING: Maximum # of influencers exceeded for a vertex, extras ignored
		WARNING: Maximum # of influencers exceeded for a vertex, extras ignored
		WARNING: Maximum # of influencers exceeded for a vertex, extras ignored
		WARNING: Maximum # of influencers exceeded for a vertex, extras ignored
		WARNING: Maximum # of influencers exceeded for a vertex, extras ignored
		WARNING: Maximum # of influencers exceeded for a vertex, extras ignored
		WARNING: Maximum # of influencers exceeded for a vertex, extras ignored
		WARNING: Maximum # of influencers exceeded for a vertex, extras ignored
		WARNING: Maximum # of influencers exceeded for a vertex, extras ignored
		WARNING: Maximum # of influencers exceeded for a vertex, extras ignored
		WARNING: Maximum # of influencers exceeded for a vertex, extras ignored
		WARNING: Maximum # of influencers exceeded for a vertex, extras ignored
		WARNING: Maximum # of influencers exceeded for a vertex, extras ignored
		WARNING: Maximum # of influencers exceeded for a vertex, extras ignored
		WARNING: Maximum # of influencers exceeded for a vertex, extras ignored
		WARNING: Maximum # of influencers exceeded for a vertex, extras ignored
		WARNING: Maximum # of influencers exceeded for a vertex, extras ignored
		WARNING: Maximum # of influencers exceeded for a vertex, extras ignored
		WARNING: Maximum # of influencers exceeded for a vertex, extras ignored
		WARNING: Maximum # of influencers exceeded for a vertex, extras ignored
		WARNING: Maximum # of influencers exceeded for a vertex, extras ignored
		WARNING: Maximum # of influencers exceeded for a vertex, extras ignored
		WARNING: Maximum # of influencers exceeded for a vertex, extras ignored
		WARNING: Maximum # of influencers exceeded for a vertex, extras ignored
		WARNING: Maximum # of influencers exceeded for a vertex, extras ignored
		WARNING: Maximum # of influencers exceeded for a vertex, extras ignored
		WARNING: Maximum # of influencers exceeded for a vertex, extras ignored
		WARNING: Maximum # of influencers exceeded for a vertex, extras ignored
		WARNING: Maximum # of influencers exceeded for a vertex, extras ignored
		WARNING: Maximum # of influencers exceeded for a vertex, extras ignored
		WARNING: Maximum # of influencers exceeded for a vertex, extras ignored
		WARNING: Maximum # of influencers exceeded for a vertex, extras ignored
		WARNING: Maximum # of influencers exceeded for a vertex, extras ignored
		WARNING: Maximum # of influencers exceeded for a vertex, extras ignored
		WARNING: Maximum # of influencers exceeded for a vertex, extras ignored
		WARNING: Maximum # of influencers exceeded for a vertex, extras ignored
		WARNING: Maximum # of influencers exceeded for a vertex, extras ignored
		WARNING: Maximum # of influencers exceeded for a vertex, extras ignored
		WARNING: Maximum # of influencers exceeded for a vertex, extras ignored
		WARNING: Maximum # of influencers exceeded for a vertex, extras ignored
		WARNING: Maximum # of influencers exceeded for a vertex, extras ignored
		WARNING: Maximum # of influencers exceeded for a vertex, extras ignored
		WARNING: Maximum # of influencers exceeded for a vertex, extras ignored
		WARNING: Maximum # of influencers exceeded for a vertex, extras ignored
		WARNING: Maximum # of influencers exceeded for a vertex, extras ignored
		WARNING: Maximum # of influencers exceeded for a vertex, extras ignored
		WARNING: Maximum # of influencers exceeded for a vertex, extras ignored
		WARNING: Maximum # of influencers exceeded for a vertex, extras ignored
		WARNING: Maximum # of influencers exceeded for a vertex, extras ignored
		WARNING: Maximum # of influencers exceeded for a vertex, extras ignored
		WARNING: Maximum # of influencers exceeded for a vertex, extras ignored
		WARNING: Maximum # of influencers exceeded for a vertex, extras ignored
		WARNING: Maximum # of influencers exceeded for a vertex, extras ignored
		WARNING: Maximum # of influencers exceeded for a vertex, extras ignored
		WARNING: Maximum # of influencers exceeded for a vertex, extras ignored
		WARNING: Maximum # of influencers exceeded for a vertex, extras ignored
		WARNING: Maximum # of influencers exceeded for a vertex, extras ignored
		WARNING: Maximum # of influencers exceeded for a vertex, extras ignored
		WARNING: Maximum # of influencers exceeded for a vertex, extras ignored
		WARNING: Maximum # of influencers exceeded for a vertex, extras ignored
		WARNING: Maximum # of influencers exceeded for a vertex, extras ignored
		WARNING: Maximum # of influencers exceeded for a vertex, extras ignored
		WARNING: Maximum # of influencers exceeded for a vertex, extras ignored
		WARNING: Maximum # of influencers exceeded for a vertex, extras ignored
		WARNING: Maximum # of influencers exceeded for a vertex, extras ignored
		WARNING: Maximum # of influencers exceeded for a vertex, extras ignored
		WARNING: Maximum # of influencers exceeded for a vertex, extras ignored
		WARNING: Maximum # of influencers exceeded for a vertex, extras ignored
		WARNING: Maximum # of influencers exceeded for a vertex, extras ignored
		WARNING: Maximum # of influencers exceeded for a vertex, extras ignored
		WARNING: Maximum # of influencers exceeded for a vertex, extras ignored
		WARNING: Maximum # of influencers exceeded for a vertex, extras ignored
		WARNING: Maximum # of influencers exceeded for a vertex, extras ignored
		WARNING: Maximum # of influencers exceeded for a vertex, extras ignored
		WARNING: Maximum # of influencers exceeded for a vertex, extras ignored
		WARNING: Maximum # of influencers exceeded for a vertex, extras ignored
		WARNING: Maximum # of influencers exceeded for a vertex, extras ignored
		WARNING: Maximum # of influencers exceeded for a vertex, extras ignored
		WARNING: Maximum # of influencers exceeded for a vertex, extras ignored
		WARNING: Maximum # of influencers exceeded for a vertex, extras ignored
		WARNING: Maximum # of influencers exceeded for a vertex, extras ignored
		WARNING: Maximum # of influencers exceeded for a vertex, extras ignored
		WARNING: Maximum # of influencers exceeded for a vertex, extras ignored
		WARNING: Maximum # of influencers exceeded for a vertex, extras ignored
		WARNING: Maximum # of influencers exceeded for a vertex, extras ignored
		WARNING: Maximum # of influencers exceeded for a vertex, extras ignored
		WARNING: Maximum # of influencers exceeded for a vertex, extras ignored
		WARNING: Maximum # of influencers exceeded for a vertex, extras ignored
		WARNING: Maximum # of influencers exceeded for a vertex, extras ignored
		WARNING: Maximum # of influencers exceeded for a vertex, extras ignored
		WARNING: Maximum # of influencers exceeded for a vertex, extras ignored
		WARNING: Maximum # of influencers exceeded for a vertex, extras ignored
		WARNING: Maximum # of influencers exceeded for a vertex, extras ignored
		WARNING: Maximum # of influencers exceeded for a vertex, extras ignored
		WARNING: Maximum # of influencers exceeded for a vertex, extras ignored
		WARNING: Maximum # of influencers exceeded for a vertex, extras ignored
		WARNING: Maximum # of influencers exceeded for a vertex, extras ignored
		WARNING: Maximum # of influencers exceeded for a vertex, extras ignored
		WARNING: Maximum # of influencers exceeded for a vertex, extras ignored
		WARNING: Maximum # of influencers exceeded for a vertex, extras ignored
		WARNING: Maximum # of influencers exceeded for a vertex, extras ignored
		WARNING: Maximum # of influencers exceeded for a vertex, extras ignored
		WARNING: Maximum # of influencers exceeded for a vertex, extras ignored
		WARNING: Maximum # of influencers exceeded for a vertex, extras ignored
		WARNING: Maximum # of influencers exceeded for a vertex, extras ignored
		WARNING: Maximum # of influencers exceeded for a vertex, extras ignored
		WARNING: Maximum # of influencers exceeded for a vertex, extras ignored
		WARNING: Maximum # of influencers exceeded for a vertex, extras ignored
		WARNING: Maximum # of influencers exceeded for a vertex, extras ignored
		WARNING: Maximum # of influencers exceeded for a vertex, extras ignored
		WARNING: Maximum # of influencers exceeded for a vertex, extras ignored
		WARNING: Maximum # of influencers exceeded for a vertex, extras ignored
		WARNING: Maximum # of influencers exceeded for a vertex, extras ignored
		WARNING: Maximum # of influencers exceeded for a vertex, extras ignored
		WARNING: Maximum # of influencers exceeded for a vertex, extras ignored
		WARNING: Maximum # of influencers exceeded for a vertex, extras ignored
		WARNING: Maximum # of influencers exceeded for a vertex, extras ignored
		WARNING: Maximum # of influencers exceeded for a vertex, extras ignored
		WARNING: Maximum # of influencers exceeded for a vertex, extras ignored
		WARNING: Maximum # of influencers exceeded for a vertex, extras ignored
		WARNING: Maximum # of influencers exceeded for a vertex, extras ignored
		WARNING: Maximum # of influencers exceeded for a vertex, extras ignored
		WARNING: Maximum # of influencers exceeded for a vertex, extras ignored
		WARNING: Maximum # of influencers exceeded for a vertex, extras ignored
		WARNING: Maximum # of influencers exceeded for a vertex, extras ignored
		WARNING: Maximum # of influencers exceeded for a vertex, extras ignored
		WARNING: Maximum # of influencers exceeded for a vertex, extras ignored
		WARNING: Maximum # of influencers exceeded for a vertex, extras ignored
		WARNING: Maximum # of influencers exceeded for a vertex, extras ignored
		WARNING: Maximum # of influencers exceeded for a vertex, extras ignored
		WARNING: Maximum # of influencers exceeded for a vertex, extras ignored
		WARNING: Maximum # of influencers exceeded for a vertex, extras ignored
		WARNING: Maximum # of influencers exceeded for a vertex, extras ignored
		WARNING: Maximum # of influencers exceeded for a vertex, extras ignored
		WARNING: Maximum # of influencers exceeded for a vertex, extras ignored
		WARNING: Maximum # of influencers exceeded for a vertex, extras ignored
		WARNING: Maximum # of influencers exceeded for a vertex, extras ignored
		WARNING: Maximum # of influencers exceeded for a vertex, extras ignored
		WARNING: Maximum # of influencers exceeded for a vertex, extras ignored
		WARNING: Maximum # of influencers exceeded for a vertex, extras ignored
		WARNING: Maximum # of influencers exceeded for a vertex, extras ignored
		WARNING: Maximum # of influencers exceeded for a vertex, extras ignored
		WARNING: Maximum # of influencers exceeded for a vertex, extras ignored
		WARNING: Maximum # of influencers exceeded for a vertex, extras ignored
		WARNING: Maximum # of influencers exceeded for a vertex, extras ignored
		WARNING: Maximum # of influencers exceeded for a vertex, extras ignored
		WARNING: Maximum # of influencers exceeded for a vertex, extras ignored
		WARNING: Maximum # of influencers exceeded for a vertex, extras ignored
		WARNING: Maximum # of influencers exceeded for a vertex, extras ignored
		WARNING: Maximum # of influencers exceeded for a vertex, extras ignored
		WARNING: Maximum # of influencers exceeded for a vertex, extras ignored
		WARNING: Maximum # of influencers exceeded for a vertex, extras ignored
		num positions      :  10020
		num normals        :  10020
		num uvs            :  20040
		num uvs2           :  0
		num colors         :  0
		num indices        :  10020
		num skeletonWeights:  40080
		num skeletonIndices:  40080
========= Writing of scene file started =========
========= Writing of scene file completed =========
========= end of processing =========
